{"/mnt/c/xampp/htdocs/blog-api/src/app.js": {"path":"/mnt/c/xampp/htdocs/blog-api/src/app.js","statementMap":{"0":{"start":{"line":1,"column":16},"end":{"line":1,"column":34}},"1":{"start":{"line":2,"column":13},"end":{"line":2,"column":28}},"2":{"start":{"line":3,"column":19},"end":{"line":3,"column":49}},"3":{"start":{"line":5,"column":12},"end":{"line":5,"column":21}},"4":{"start":{"line":7,"column":0},"end":{"line":7,"column":16}},"5":{"start":{"line":8,"column":0},"end":{"line":8,"column":24}},"6":{"start":{"line":10,"column":0},"end":{"line":12,"column":3}},"7":{"start":{"line":11,"column":2},"end":{"line":11,"column":81}},"8":{"start":{"line":14,"column":0},"end":{"line":14,"column":30}},"9":{"start":{"line":16,"column":0},"end":{"line":18,"column":3}},"10":{"start":{"line":17,"column":2},"end":{"line":17,"column":75}},"11":{"start":{"line":20,"column":0},"end":{"line":20,"column":21}}},"fnMap":{"0":{"name":"(anonymous_0)","decl":{"start":{"line":10,"column":13},"end":{"line":10,"column":14}},"loc":{"start":{"line":10,"column":27},"end":{"line":12,"column":1}},"line":10},"1":{"name":"(anonymous_1)","decl":{"start":{"line":16,"column":8},"end":{"line":16,"column":9}},"loc":{"start":{"line":16,"column":22},"end":{"line":18,"column":1}},"line":16}},"branchMap":{},"s":{"0":1,"1":1,"2":1,"3":1,"4":1,"5":1,"6":1,"7":0,"8":1,"9":1,"10":0,"11":1},"f":{"0":0,"1":0},"b":{},"_coverageSchema":"1a1c01bbd47fc00a2c39e90264f33305004495a9","hash":"e59412cb71582e67bfbf8e4a9d172abc5aa3b9f2"}
,"/mnt/c/xampp/htdocs/blog-api/src/config/database.js": {"path":"/mnt/c/xampp/htdocs/blog-api/src/config/database.js","statementMap":{"0":{"start":{"line":1,"column":17},"end":{"line":1,"column":36}},"1":{"start":{"line":3,"column":18},"end":{"line":12,"column":1}},"2":{"start":{"line":4,"column":2},"end":{"line":4,"column":47}},"3":{"start":{"line":5,"column":2},"end":{"line":11,"column":3}},"4":{"start":{"line":6,"column":17},"end":{"line":6,"column":64}},"5":{"start":{"line":7,"column":4},"end":{"line":7,"column":62}},"6":{"start":{"line":9,"column":4},"end":{"line":9,"column":43}},"7":{"start":{"line":10,"column":4},"end":{"line":10,"column":20}},"8":{"start":{"line":14,"column":0},"end":{"line":14,"column":27}}},"fnMap":{"0":{"name":"(anonymous_0)","decl":{"start":{"line":3,"column":18},"end":{"line":3,"column":19}},"loc":{"start":{"line":3,"column":30},"end":{"line":12,"column":1}},"line":3}},"branchMap":{},"s":{"0":0,"1":0,"2":0,"3":0,"4":0,"5":0,"6":0,"7":0,"8":0},"f":{"0":0},"b":{}}
,"/mnt/c/xampp/htdocs/blog-api/src/controllers/postController.js": {"path":"/mnt/c/xampp/htdocs/blog-api/src/controllers/postController.js","statementMap":{"0":{"start":{"line":1,"column":13},"end":{"line":1,"column":38}},"1":{"start":{"line":4,"column":20},"end":{"line":11,"column":1}},"2":{"start":{"line":5,"column":2},"end":{"line":10,"column":3}},"3":{"start":{"line":6,"column":18},"end":{"line":6,"column":59}},"4":{"start":{"line":7,"column":4},"end":{"line":7,"column":78}},"5":{"start":{"line":9,"column":4},"end":{"line":9,"column":69}},"6":{"start":{"line":14,"column":20},"end":{"line":30,"column":1}},"7":{"start":{"line":15,"column":2},"end":{"line":29,"column":3}},"8":{"start":{"line":16,"column":18},"end":{"line":16,"column":27}},"9":{"start":{"line":17,"column":4},"end":{"line":19,"column":5}},"10":{"start":{"line":18,"column":6},"end":{"line":18,"column":103}},"11":{"start":{"line":20,"column":18},"end":{"line":25,"column":30}},"12":{"start":{"line":26,"column":4},"end":{"line":26,"column":78}},"13":{"start":{"line":28,"column":4},"end":{"line":28,"column":69}},"14":{"start":{"line":33,"column":20},"end":{"line":43,"column":1}},"15":{"start":{"line":34,"column":2},"end":{"line":42,"column":3}},"16":{"start":{"line":35,"column":17},"end":{"line":35,"column":51}},"17":{"start":{"line":36,"column":4},"end":{"line":38,"column":5}},"18":{"start":{"line":37,"column":6},"end":{"line":37,"column":86}},"19":{"start":{"line":39,"column":4},"end":{"line":39,"column":56}},"20":{"start":{"line":41,"column":4},"end":{"line":41,"column":69}},"21":{"start":{"line":46,"column":19},"end":{"line":58,"column":1}},"22":{"start":{"line":47,"column":2},"end":{"line":57,"column":3}},"23":{"start":{"line":48,"column":40},"end":{"line":48,"column":48}},"24":{"start":{"line":49,"column":17},"end":{"line":49,"column":63}},"25":{"start":{"line":50,"column":4},"end":{"line":50,"column":56}},"26":{"start":{"line":52,"column":4},"end":{"line":55,"column":5}},"27":{"start":{"line":53,"column":23},"end":{"line":53,"column":70}},"28":{"start":{"line":53,"column":60},"end":{"line":53,"column":69}},"29":{"start":{"line":54,"column":6},"end":{"line":54,"column":84}},"30":{"start":{"line":56,"column":4},"end":{"line":56,"column":69}},"31":{"start":{"line":61,"column":19},"end":{"line":80,"column":1}},"32":{"start":{"line":62,"column":2},"end":{"line":79,"column":3}},"33":{"start":{"line":63,"column":40},"end":{"line":63,"column":48}},"34":{"start":{"line":64,"column":17},"end":{"line":68,"column":5}},"35":{"start":{"line":69,"column":4},"end":{"line":71,"column":5}},"36":{"start":{"line":70,"column":6},"end":{"line":70,"column":86}},"37":{"start":{"line":72,"column":4},"end":{"line":72,"column":56}},"38":{"start":{"line":74,"column":4},"end":{"line":77,"column":5}},"39":{"start":{"line":75,"column":23},"end":{"line":75,"column":70}},"40":{"start":{"line":75,"column":60},"end":{"line":75,"column":69}},"41":{"start":{"line":76,"column":6},"end":{"line":76,"column":84}},"42":{"start":{"line":78,"column":4},"end":{"line":78,"column":69}},"43":{"start":{"line":83,"column":19},"end":{"line":93,"column":1}},"44":{"start":{"line":84,"column":2},"end":{"line":92,"column":3}},"45":{"start":{"line":85,"column":17},"end":{"line":85,"column":60}},"46":{"start":{"line":86,"column":4},"end":{"line":88,"column":5}},"47":{"start":{"line":87,"column":6},"end":{"line":87,"column":86}},"48":{"start":{"line":89,"column":4},"end":{"line":89,"column":82}},"49":{"start":{"line":91,"column":4},"end":{"line":91,"column":69}},"50":{"start":{"line":95,"column":0},"end":{"line":95,"column":95}}},"fnMap":{"0":{"name":"(anonymous_0)","decl":{"start":{"line":4,"column":20},"end":{"line":4,"column":21}},"loc":{"start":{"line":4,"column":40},"end":{"line":11,"column":1}},"line":4},"1":{"name":"(anonymous_1)","decl":{"start":{"line":14,"column":20},"end":{"line":14,"column":21}},"loc":{"start":{"line":14,"column":40},"end":{"line":30,"column":1}},"line":14},"2":{"name":"(anonymous_2)","decl":{"start":{"line":33,"column":20},"end":{"line":33,"column":21}},"loc":{"start":{"line":33,"column":40},"end":{"line":43,"column":1}},"line":33},"3":{"name":"(anonymous_3)","decl":{"start":{"line":46,"column":19},"end":{"line":46,"column":20}},"loc":{"start":{"line":46,"column":39},"end":{"line":58,"column":1}},"line":46},"4":{"name":"(anonymous_4)","decl":{"start":{"line":53,"column":55},"end":{"line":53,"column":56}},"loc":{"start":{"line":53,"column":60},"end":{"line":53,"column":69}},"line":53},"5":{"name":"(anonymous_5)","decl":{"start":{"line":61,"column":19},"end":{"line":61,"column":20}},"loc":{"start":{"line":61,"column":39},"end":{"line":80,"column":1}},"line":61},"6":{"name":"(anonymous_6)","decl":{"start":{"line":75,"column":55},"end":{"line":75,"column":56}},"loc":{"start":{"line":75,"column":60},"end":{"line":75,"column":69}},"line":75},"7":{"name":"(anonymous_7)","decl":{"start":{"line":83,"column":19},"end":{"line":83,"column":20}},"loc":{"start":{"line":83,"column":39},"end":{"line":93,"column":1}},"line":83}},"branchMap":{"0":{"loc":{"start":{"line":17,"column":4},"end":{"line":19,"column":5}},"type":"if","locations":[{"start":{"line":17,"column":4},"end":{"line":19,"column":5}},{"start":{},"end":{}}],"line":17},"1":{"loc":{"start":{"line":36,"column":4},"end":{"line":38,"column":5}},"type":"if","locations":[{"start":{"line":36,"column":4},"end":{"line":38,"column":5}},{"start":{},"end":{}}],"line":36},"2":{"loc":{"start":{"line":52,"column":4},"end":{"line":55,"column":5}},"type":"if","locations":[{"start":{"line":52,"column":4},"end":{"line":55,"column":5}},{"start":{},"end":{}}],"line":52},"3":{"loc":{"start":{"line":69,"column":4},"end":{"line":71,"column":5}},"type":"if","locations":[{"start":{"line":69,"column":4},"end":{"line":71,"column":5}},{"start":{},"end":{}}],"line":69},"4":{"loc":{"start":{"line":74,"column":4},"end":{"line":77,"column":5}},"type":"if","locations":[{"start":{"line":74,"column":4},"end":{"line":77,"column":5}},{"start":{},"end":{}}],"line":74},"5":{"loc":{"start":{"line":86,"column":4},"end":{"line":88,"column":5}},"type":"if","locations":[{"start":{"line":86,"column":4},"end":{"line":88,"column":5}},{"start":{},"end":{}}],"line":86}},"s":{"0":1,"1":1,"2":2,"3":2,"4":2,"5":0,"6":1,"7":2,"8":2,"9":2,"10":1,"11":1,"12":1,"13":0,"14":1,"15":2,"16":2,"17":2,"18":1,"19":1,"20":0,"21":1,"22":2,"23":2,"24":2,"25":1,"26":1,"27":1,"28":1,"29":1,"30":0,"31":1,"32":2,"33":2,"34":2,"35":2,"36":1,"37":1,"38":0,"39":0,"40":0,"41":0,"42":0,"43":1,"44":2,"45":2,"46":2,"47":1,"48":1,"49":0,"50":1},"f":{"0":2,"1":2,"2":2,"3":2,"4":1,"5":2,"6":0,"7":2},"b":{"0":[1,1],"1":[1,1],"2":[1,0],"3":[1,1],"4":[0,0],"5":[1,1]},"_coverageSchema":"1a1c01bbd47fc00a2c39e90264f33305004495a9","hash":"54f943e242025c66b5702b9dcbd9886284c79b7e"}
,"/mnt/c/xampp/htdocs/blog-api/src/models/Post.js": {"path":"/mnt/c/xampp/htdocs/blog-api/src/models/Post.js","statementMap":{"0":{"start":{"line":1,"column":17},"end":{"line":1,"column":36}},"1":{"start":{"line":3,"column":19},"end":{"line":25,"column":1}},"2":{"start":{"line":27,"column":0},"end":{"line":27,"column":55}},"3":{"start":{"line":29,"column":0},"end":{"line":29,"column":52}}},"fnMap":{},"branchMap":{},"s":{"0":1,"1":1,"2":1,"3":1},"f":{},"b":{},"_coverageSchema":"1a1c01bbd47fc00a2c39e90264f33305004495a9","hash":"e670c5ebde583c3c60901ccfe0eb8e5b3abff2f6"}
,"/mnt/c/xampp/htdocs/blog-api/src/routes/postRoutes.js": {"path":"/mnt/c/xampp/htdocs/blog-api/src/routes/postRoutes.js","statementMap":{"0":{"start":{"line":1,"column":16},"end":{"line":1,"column":34}},"1":{"start":{"line":2,"column":15},"end":{"line":2,"column":31}},"2":{"start":{"line":10,"column":4},"end":{"line":10,"column":44}},"3":{"start":{"line":12,"column":0},"end":{"line":12,"column":35}},"4":{"start":{"line":13,"column":0},"end":{"line":13,"column":29}},"5":{"start":{"line":14,"column":0},"end":{"line":14,"column":32}},"6":{"start":{"line":15,"column":0},"end":{"line":15,"column":29}},"7":{"start":{"line":16,"column":0},"end":{"line":16,"column":31}},"8":{"start":{"line":17,"column":0},"end":{"line":17,"column":34}},"9":{"start":{"line":19,"column":0},"end":{"line":19,"column":24}}},"fnMap":{},"branchMap":{},"s":{"0":1,"1":1,"2":1,"3":1,"4":1,"5":1,"6":1,"7":1,"8":1,"9":1},"f":{},"b":{},"_coverageSchema":"1a1c01bbd47fc00a2c39e90264f33305004495a9","hash":"6f130ac61273de533eb0092d744f25449e0a152e"}
}
