TN:
SF:src/app.js
FN:10,(anonymous_0)
FN:16,(anonymous_1)
FNF:2
FNH:0
FNDA:0,(anonymous_0)
FNDA:0,(anonymous_1)
DA:1,1
DA:2,1
DA:3,1
DA:5,1
DA:7,1
DA:8,1
DA:10,1
DA:11,0
DA:14,1
DA:16,1
DA:17,0
DA:20,1
LF:12
LH:10
BRF:0
BRH:0
end_of_record
TN:
SF:src/config/database.js
FN:3,(anonymous_0)
FNF:1
FNH:0
FNDA:0,(anonymous_0)
DA:1,0
DA:3,0
DA:4,0
DA:5,0
DA:6,0
DA:7,0
DA:9,0
DA:10,0
DA:14,0
LF:9
LH:0
BRF:0
BRH:0
end_of_record
TN:
SF:src/controllers/postController.js
FN:4,(anonymous_0)
FN:14,(anonymous_1)
FN:33,(anonymous_2)
FN:46,(anonymous_3)
FN:53,(anonymous_4)
FN:61,(anonymous_5)
FN:75,(anonymous_6)
FN:83,(anonymous_7)
FNF:8
FNH:7
FNDA:2,(anonymous_0)
FNDA:2,(anonymous_1)
FNDA:2,(anonymous_2)
FNDA:2,(anonymous_3)
FNDA:1,(anonymous_4)
FNDA:2,(anonymous_5)
FNDA:0,(anonymous_6)
FNDA:2,(anonymous_7)
DA:1,1
DA:4,1
DA:5,2
DA:6,2
DA:7,2
DA:9,0
DA:14,1
DA:15,2
DA:16,2
DA:17,2
DA:18,1
DA:20,1
DA:26,1
DA:28,0
DA:33,1
DA:34,2
DA:35,2
DA:36,2
DA:37,1
DA:39,1
DA:41,0
DA:46,1
DA:47,2
DA:48,2
DA:49,2
DA:50,1
DA:52,1
DA:53,1
DA:54,1
DA:56,0
DA:61,1
DA:62,2
DA:63,2
DA:64,2
DA:69,2
DA:70,1
DA:72,1
DA:74,0
DA:75,0
DA:76,0
DA:78,0
DA:83,1
DA:84,2
DA:85,2
DA:86,2
DA:87,1
DA:89,1
DA:91,0
DA:95,1
LF:49
LH:40
BRDA:17,0,0,1
BRDA:17,0,1,1
BRDA:36,1,0,1
BRDA:36,1,1,1
BRDA:52,2,0,1
BRDA:52,2,1,0
BRDA:69,3,0,1
BRDA:69,3,1,1
BRDA:74,4,0,0
BRDA:74,4,1,0
BRDA:86,5,0,1
BRDA:86,5,1,1
BRF:12
BRH:9
end_of_record
TN:
SF:src/models/Post.js
FNF:0
FNH:0
DA:1,1
DA:3,1
DA:27,1
DA:29,1
LF:4
LH:4
BRF:0
BRH:0
end_of_record
TN:
SF:src/routes/postRoutes.js
FNF:0
FNH:0
DA:1,1
DA:2,1
DA:10,1
DA:12,1
DA:13,1
DA:14,1
DA:15,1
DA:16,1
DA:17,1
DA:19,1
LF:10
LH:10
BRF:0
BRH:0
end_of_record
